[    0.000000] Initializing cgroup subsys cpuset
[    0.000000] Initializing cgroup subsys cpu
[    0.000000] Initializing cgroup subsys cpuacct
[    0.000000] Linux version 4.4.0-204-generic (buildd@lgw01-amd64-018) (gcc version 5.4.0 20160609 (Ubuntu 5.4.0-6ubuntu1~16.04.12) ) #236-Ubuntu SMP Fri Feb 19 16:11:27 UTC 2021 (Ubuntu 4.4.0-204.236-generic 4.4.254)
[    0.000000] Command line: BOOT_IMAGE=/boot/vmlinuz-4.4.0-204-generic root=LABEL=cloudimg-rootfs ro console=tty1 console=ttyS0
[    0.000000] KERNEL supported cpus:
[    0.000000]   Intel GenuineIntel
[    0.000000]   AMD AuthenticAMD
[    0.000000]   Centaur CentaurHauls
[    0.000000] x86/fpu: xstate_offset[2]:  576, xstate_sizes[2]:  256
[    0.000000] x86/fpu: Supporting XSAVE feature 0x01: 'x87 floating point registers'
[    0.000000] x86/fpu: Supporting XSAVE feature 0x02: 'SSE registers'
[    0.000000] x86/fpu: Supporting XSAVE feature 0x04: 'AVX registers'
[    0.000000] x86/fpu: Enabled xstate features 0x7, context size is 832 bytes, using 'standard' format.
[    0.000000] e820: BIOS-provided physical RAM map:
[    0.000000] BIOS-e820: [mem 0x0000000000000000-0x000000000009fbff] usable
[    0.000000] BIOS-e820: [mem 0x000000000009fc00-0x000000000009ffff] reserved
[    0.000000] BIOS-e820: [mem 0x00000000000f0000-0x00000000000fffff] reserved
[    0.000000] BIOS-e820: [mem 0x0000000000100000-0x000000003ffeffff] usable
[    0.000000] BIOS-e820: [mem 0x000000003fff0000-0x000000003fffffff] ACPI data
[    0.000000] BIOS-e820: [mem 0x00000000fec00000-0x00000000fec00fff] reserved
[    0.000000] BIOS-e820: [mem 0x00000000fee00000-0x00000000fee00fff] reserved
[    0.000000] BIOS-e820: [mem 0x00000000fffc0000-0x00000000ffffffff] reserved
[    0.000000] NX (Execute Disable) protection: active
[    0.000000] SMBIOS 2.5 present.
[    0.000000] Hypervisor detected: KVM
[    0.000000] e820: last_pfn = 0x3fff0 max_arch_pfn = 0x400000000
[    0.000000] MTRR: Disabled
[    0.000000] x86/PAT: MTRRs disabled, skipping PAT initialization too.
[    0.000000] CPU MTRRs all blank - virtualized system.
[    0.000000] x86/PAT: Configuration [0-7]: WB  WT  UC- UC  WB  WT  UC- UC  
[    0.000000] found SMP MP-table at [mem 0x0009fff0-0x0009ffff] mapped at [ffff88000009fff0]
[    0.000000] Scanning 1 areas for low memory corruption
[    0.000000] RAMDISK: [mem 0x362de000-0x37166fff]
[    0.000000] ACPI: Early table checksum verification disabled
[    0.000000] ACPI: RSDP 0x00000000000E0000 000024 (v02 VBOX  )
[    0.000000] ACPI: XSDT 0x000000003FFF0030 00003C (v01 VBOX   VBOXXSDT 00000001 ASL  00000061)
[    0.000000] ACPI: FACP 0x000000003FFF00F0 0000F4 (v04 VBOX   VBOXFACP 00000001 ASL  00000061)
[    0.000000] ACPI: DSDT 0x000000003FFF0470 002325 (v02 VBOX   VBOXBIOS 00000002 INTL 20100528)
[    0.000000] ACPI: FACS 0x000000003FFF0200 000040
[    0.000000] ACPI: FACS 0x000000003FFF0200 000040
[    0.000000] ACPI: APIC 0x000000003FFF0240 00005C (v02 VBOX   VBOXAPIC 00000001 ASL  00000061)
[    0.000000] ACPI: SSDT 0x000000003FFF02A0 0001CC (v01 VBOX   VBOXCPUT 00000002 INTL 20100528)
[    0.000000] No NUMA configuration found
[    0.000000] Faking a node at [mem 0x0000000000000000-0x000000003ffeffff]
[    0.000000] NODE_DATA(0) allocated [mem 0x3ffeb000-0x3ffeffff]
[    0.000000] kvm-clock: Using msrs 4b564d01 and 4b564d00
[    0.000000] kvm-clock: cpu 0, msr 0:3ffe3001, primary cpu clock
[    0.000000] kvm-clock: using sched offset of 3451939544 cycles
[    0.000000] clocksource: kvm-clock: mask: 0xffffffffffffffff max_cycles: 0x1cd42e4dffb, max_idle_ns: 881590591483 ns
[    0.000000] Zone ranges:
[    0.000000]   DMA      [mem 0x0000000000001000-0x0000000000ffffff]
[    0.000000]   DMA32    [mem 0x0000000001000000-0x000000003ffeffff]
[    0.000000]   Normal   empty
[    0.000000]   Device   empty
[    0.000000] Movable zone start for each node
[    0.000000] Early memory node ranges
[    0.000000]   node   0: [mem 0x0000000000001000-0x000000000009efff]
[    0.000000]   node   0: [mem 0x0000000000100000-0x000000003ffeffff]
[    0.000000] Initmem setup node 0 [mem 0x0000000000001000-0x000000003ffeffff]
[    0.000000] ACPI: PM-Timer IO Port: 0x4008
[    0.000000] IOAPIC[0]: apic_id 2, version 32, address 0xfec00000, GSI 0-23
[    0.000000] ACPI: INT_SRC_OVR (bus 0 bus_irq 0 global_irq 2 dfl dfl)
[    0.000000] ACPI: INT_SRC_OVR (bus 0 bus_irq 9 global_irq 9 low level)
[    0.000000] Using ACPI (MADT) for SMP configuration information
[    0.000000] smpboot: Allowing 2 CPUs, 0 hotplug CPUs
[    0.000000] PM: Registered nosave memory: [mem 0x00000000-0x00000fff]
[    0.000000] PM: Registered nosave memory: [mem 0x0009f000-0x0009ffff]
[    0.000000] PM: Registered nosave memory: [mem 0x000a0000-0x000effff]
[    0.000000] PM: Registered nosave memory: [mem 0x000f0000-0x000fffff]
[    0.000000] e820: [mem 0x40000000-0xfebfffff] available for PCI devices
[    0.000000] Booting paravirtualized kernel on KVM
[    0.000000] clocksource: refined-jiffies: mask: 0xffffffff max_cycles: 0xffffffff, max_idle_ns: 7645519600211568 ns
[    0.000000] setup_percpu: NR_CPUS:512 nr_cpumask_bits:512 nr_cpu_ids:2 nr_node_ids:1
[    0.000000] PERCPU: Embedded 33 pages/cpu @ffff88003fc00000 s95640 r8192 d31336 u1048576
[    0.000000] Built 1 zonelists in Node order, mobility grouping on.  Total pages: 257912
[    0.000000] Policy zone: DMA32
[    0.000000] Kernel command line: BOOT_IMAGE=/boot/vmlinuz-4.4.0-204-generic root=LABEL=cloudimg-rootfs ro console=tty1 console=ttyS0
[    0.000000] PID hash table entries: 4096 (order: 3, 32768 bytes)
[    0.000000] Memory: 997656K/1048120K available (8641K kernel code, 1337K rwdata, 4044K rodata, 1496K init, 1296K bss, 50464K reserved, 0K cma-reserved)
[    0.000000] SLUB: HWalign=64, Order=0-3, MinObjects=0, CPUs=2, Nodes=1
[    0.000000] Kernel/User page tables isolation: enabled
[    0.000000] Hierarchical RCU implementation.
[    0.000000] 	Build-time adjustment of leaf fanout to 64.
[    0.000000] 	RCU restricting CPUs from NR_CPUS=512 to nr_cpu_ids=2.
[    0.000000] RCU: Adjusting geometry for rcu_fanout_leaf=64, nr_cpu_ids=2
[    0.000000] NR_IRQS:33024 nr_irqs:440 16
[    0.000000] Console: colour VGA+ 80x25
[    0.000000] console [tty1] enabled
[    0.000000] console [ttyS0] enabled
[    0.000000] tsc: Detected 3191.998 MHz processor
[    0.139848] Calibrating delay loop (skipped) preset value.. 6383.99 BogoMIPS (lpj=12767992)
[    0.141449] pid_max: default: 32768 minimum: 301
[    0.142305] ACPI: Core revision 20150930
[    0.144680] ACPI: 2 ACPI AML tables successfully acquired and loaded
[    0.145933] Security Framework initialized
[    0.146807] Yama: becoming mindful.
[    0.147666] AppArmor: AppArmor initialized
[    0.148704] Dentry cache hash table entries: 131072 (order: 8, 1048576 bytes)
[    0.150882] Inode-cache hash table entries: 65536 (order: 7, 524288 bytes)
[    0.152273] Mount-cache hash table entries: 2048 (order: 2, 16384 bytes)
[    0.153606] Mountpoint-cache hash table entries: 2048 (order: 2, 16384 bytes)
[    0.155028] Initializing cgroup subsys io
[    0.156099] Initializing cgroup subsys memory
[    0.157062] Initializing cgroup subsys devices
[    0.158030] Initializing cgroup subsys freezer
[    0.158965] Initializing cgroup subsys net_cls
[    0.159919] Initializing cgroup subsys perf_event
[    0.160906] Initializing cgroup subsys net_prio
[    0.161870] Initializing cgroup subsys hugetlb
[    0.162820] Initializing cgroup subsys pids
[    0.164662] mce: CPU supports 0 MCE banks
[    0.165592] Last level iTLB entries: 4KB 64, 2MB 8, 4MB 8
[    0.166769] Last level dTLB entries: 4KB 64, 2MB 0, 4MB 0, 1GB 4
[    0.167999] Spectre V1 : Mitigation: usercopy/swapgs barriers and __user pointer sanitization
[    0.169863] Spectre V2 : Mitigation: Full generic retpoline
[    0.170964] Spectre V2 : Spectre v2 / SpectreRSB mitigation: Filling RSB on context switch
[    0.172868] Speculative Store Bypass: Vulnerable
[    0.173828] SRBDS: Unknown: Dependent on hypervisor status
[    0.174978] MDS: Mitigation: Clear CPU buffers
[    0.178352] Freeing SMP alternatives memory: 36K
[    0.184607] ftrace: allocating 32368 entries in 127 pages
[    0.239349] smpboot: APIC(0) Converting physical 0 to logical package 0
[    0.240588] smpboot: Max logical packages: 1
[    0.241759] x2apic enabled
[    0.242670] Switched APIC routing to physical x2apic.
[    0.244910] ..TIMER: vector=0x30 apic1=0 pin1=2 apic2=-1 pin2=-1
[    0.354170] smpboot: CPU0: Intel(R) Core(TM) i7-8700 CPU @ 3.20GHz (family: 0x6, model: 0x9e, stepping: 0xa)
[    0.356599] Performance Events: unsupported p6 CPU model 158 no PMU driver, software events only.
[    0.366254] KVM setup paravirtual spinlock
[    0.367654] x86: Booting SMP configuration:
[    0.368778] .... node  #0, CPUs:      #1
[    0.369797] kvm-clock: cpu 1, msr 0:3ffe3041, secondary cpu clock
[    0.371553] mce: CPU supports 0 MCE banks
[    0.374278] x86: Booted up 1 node, 2 CPUs
[    0.375397] smpboot: Total of 2 processors activated (12767.99 BogoMIPS)
[    0.377500] devtmpfs: initialized
[    0.379733] evm: security.selinux
[    0.380555] evm: security.SMACK64
[    0.381323] evm: security.SMACK64EXEC
[    0.382293] evm: security.SMACK64TRANSMUTE
[    0.383394] evm: security.SMACK64MMAP
[    0.384211] evm: security.ima
[    0.384928] evm: security.capability
[    0.386011] clocksource: jiffies: mask: 0xffffffff max_cycles: 0xffffffff, max_idle_ns: 7645041785100000 ns
[    0.387933] futex hash table entries: 512 (order: 3, 32768 bytes)
[    0.389315] pinctrl core: initialized pinctrl subsystem
[    0.390861] RTC time: 19:23:06, date: 03/25/21
[    0.391926] NET: Registered protocol family 16
[    0.401694] cpuidle: using governor ladder
[    0.418893] cpuidle: using governor menu
[    0.419820] PCCT header not found.
[    0.420598] ACPI: bus type PCI registered
[    0.421402] acpiphp: ACPI Hot Plug PCI Controller Driver version: 0.5
[    0.422776] PCI: Using configuration type 1 for base access
[    0.439041] ACPI: Added _OSI(Module Device)
[    0.439864] ACPI: Added _OSI(Processor Device)
[    0.440712] ACPI: Added _OSI(3.0 _SCP Extensions)
[    0.441632] ACPI: Added _OSI(Processor Aggregator Device)
[    0.443192] ACPI: Executed 1 blocks of module-level executable AML code
[    0.446275] ACPI: Interpreter enabled
[    0.447177] ACPI: (supports S0 S5)
[    0.447886] ACPI: Using IOAPIC for interrupt routing
[    0.448934] PCI: Using host bridge windows from ACPI; if necessary, use "pci=nocrs" and report a bug
[    0.453868] ACPI: PCI Root Bridge [PCI0] (domain 0000 [bus 00-ff])
[    0.454998] acpi PNP0A03:00: _OSC: OS supports [ASPM ClockPM Segments MSI]
[    0.456595] acpi PNP0A03:00: _OSC: not requesting OS control; OS requires [ExtendedConfig ASPM ClockPM MSI]
[    0.458603] acpi PNP0A03:00: fail to add MMCONFIG information, can't access extended PCI configuration space under this bridge.
[    0.461044] PCI host bridge to bus 0000:00
[    0.461913] pci_bus 0000:00: root bus resource [io  0x0000-0x0cf7 window]
[    0.463175] pci_bus 0000:00: root bus resource [io  0x0d00-0xffff window]
[    0.464560] pci_bus 0000:00: root bus resource [mem 0x000a0000-0x000bffff window]
[    0.466225] pci_bus 0000:00: root bus resource [mem 0x40000000-0xfdffffff window]
[    0.467862] pci_bus 0000:00: root bus resource [bus 00-ff]
[    0.470522] pci 0000:00:01.1: legacy IDE quirk: reg 0x10: [io  0x01f0-0x01f7]
[    0.471895] pci 0000:00:01.1: legacy IDE quirk: reg 0x14: [io  0x03f6]
[    0.473390] pci 0000:00:01.1: legacy IDE quirk: reg 0x18: [io  0x0170-0x0177]
[    0.487089] pci 0000:00:01.1: legacy IDE quirk: reg 0x1c: [io  0x0376]
[    0.497615] pci 0000:00:07.0: quirk: [io  0x4000-0x403f] claimed by PIIX4 ACPI
[    0.499042] pci 0000:00:07.0: quirk: [io  0x4100-0x410f] claimed by PIIX4 SMB
[    0.505643] ACPI: PCI Interrupt Link [LNKA] (IRQs 5 9 10 *11)
[    0.507154] ACPI: PCI Interrupt Link [LNKB] (IRQs 5 9 *10 11)
[    0.508591] ACPI: PCI Interrupt Link [LNKC] (IRQs 5 *9 10 11)
[    0.509985] ACPI: PCI Interrupt Link [LNKD] (IRQs 5 9 10 *11)
[    0.511443] ACPI: Enabled 2 GPEs in block 00 to 07
[    0.512582] vgaarb: setting as boot device: PCI:0000:00:02.0
[    0.513573] vgaarb: device added: PCI:0000:00:02.0,decodes=io+mem,owns=io+mem,locks=none
[    0.515129] vgaarb: loaded
[    0.515738] vgaarb: bridge control possible 0000:00:02.0
[    0.516873] SCSI subsystem initialized
[    0.517736] ACPI: bus type USB registered
[    0.518518] usbcore: registered new interface driver usbfs
[    0.519493] usbcore: registered new interface driver hub
[    0.520450] usbcore: registered new device driver usb
[    0.521541] PCI: Using ACPI for IRQ routing
[    0.524403] NetLabel: Initializing
[    0.525116] NetLabel:  domain hash size = 128
[    0.525963] NetLabel:  protocols = UNLABELED CIPSOv4
[    0.526898] NetLabel:  unlabeled traffic allowed by default
[    0.528060] amd_nb: Cannot enumerate AMD northbridges
[    0.529016] clocksource: Switched to clocksource kvm-clock
[    0.535570] AppArmor: AppArmor Filesystem Enabled
[    0.536534] pnp: PnP ACPI init
[    0.537873] pnp: PnP ACPI: found 3 devices
[    0.547044] clocksource: acpi_pm: mask: 0xffffff max_cycles: 0xffffff, max_idle_ns: 2085701024 ns
[    0.548796] NET: Registered protocol family 2
[    0.549765] TCP established hash table entries: 8192 (order: 4, 65536 bytes)
[    0.550972] TCP bind hash table entries: 8192 (order: 5, 131072 bytes)
[    0.552161] TCP: Hash tables configured (established 8192 bind 8192)
[    0.553306] UDP hash table entries: 512 (order: 2, 16384 bytes)
[    0.554340] UDP-Lite hash table entries: 512 (order: 2, 16384 bytes)
[    0.555486] NET: Registered protocol family 1
[    0.556328] pci 0000:00:00.0: Limiting direct PCI/PCI transfers
[    0.557441] pci 0000:00:01.0: Activating ISA DMA hang workarounds
[    0.558621] Unpacking initramfs...
[    0.722961] Freeing initrd memory: 14884K
[    0.723899] clocksource: tsc: mask: 0xffffffffffffffff max_cycles: 0x2e02c314322, max_idle_ns: 440795292111 ns
[    0.725906] platform rtc_cmos: registered platform RTC device (no PNP device found)
[    0.727561] Scanning for low memory corruption every 60 seconds
[    0.729014] audit: initializing netlink subsys (disabled)
[    0.730076] audit: type=2000 audit(1616700191.635:1): initialized
[    0.731381] Initialise system trusted keyring
[    0.732497] HugeTLB registered 2 MB page size, pre-allocated 0 pages
[    0.734853] zbud: loaded
[    0.735886] VFS: Disk quotas dquot_6.6.0
[    0.737010] VFS: Dquot-cache hash table entries: 512 (order 0, 4096 bytes)
[    0.738611] squashfs: version 4.0 (2009/01/31) Phillip Lougher
[    0.740129] fuse init (API version 7.23)
[    0.741208] Key type big_key registered
[    0.742175] Allocating IMA MOK and blacklist keyrings.
[    0.744614] Key type asymmetric registered
[    0.745458] Asymmetric key parser 'x509' registered
[    0.746384] Block layer SCSI generic (bsg) driver version 0.4 loaded (major 249)
[    0.748359] io scheduler noop registered
[    0.749186] io scheduler deadline registered (default)
[    0.750350] io scheduler cfq registered
[    0.751289] pci_hotplug: PCI Hot Plug PCI Core version: 0.5
[    0.752309] pciehp: PCI Express Hot Plug Controller Driver version: 0.4
[    0.753670] ACPI: AC Adapter [AC] (on-line)
[    0.754786] input: Power Button as /devices/LNXSYSTM:00/LNXPWRBN:00/input/input0
[    0.756346] ACPI: Power Button [PWRF]
[    0.757283] input: Sleep Button as /devices/LNXSYSTM:00/LNXSLPBN:00/input/input1
[    0.759085] ACPI: Sleep Button [SLPF]
[    0.760071] GHES: HEST is not enabled!
[    0.761033] Serial: 8250/16550 driver, 32 ports, IRQ sharing enabled
[    0.782742] 00:02: ttyS0 at I/O 0x3f8 (irq = 4, base_baud = 115200) is a 16550A
[    0.786754] Linux agpgart interface v0.103
[    0.789134] loop: module loaded
[    0.790243] scsi host0: ata_piix
[    0.791042] scsi host1: ata_piix
[    0.791789] ata1: PATA max UDMA/33 cmd 0x1f0 ctl 0x3f6 bmdma 0xd000 irq 14
[    0.793244] ata2: PATA max UDMA/33 cmd 0x170 ctl 0x376 bmdma 0xd008 irq 15
[    0.794755] libphy: Fixed MDIO Bus: probed
[    0.795636] tun: Universal TUN/TAP device driver, 1.6
[    0.796585] tun: (C) 1999-2004 Max Krasnyansky <maxk@qualcomm.com>
[    0.797782] PPP generic driver version 2.4.2
[    0.798912] ehci_hcd: USB 2.0 'Enhanced' Host Controller (EHCI) Driver
[    0.800230] ehci-pci: EHCI PCI platform driver
[    0.801204] ehci-platform: EHCI generic platform driver
[    0.802260] ohci_hcd: USB 1.1 'Open' Host Controller (OHCI) Driver
[    0.803409] ohci-pci: OHCI PCI platform driver
[    0.804309] ohci-platform: OHCI generic platform driver
[    0.805351] uhci_hcd: USB Universal Host Controller Interface driver
[    0.806560] i8042: PNP: PS/2 Controller [PNP0303:PS2K,PNP0f03:PS2M] at 0x60,0x64 irq 1,12
[    0.808599] serio: i8042 KBD port at 0x60,0x64 irq 1
[    0.809606] serio: i8042 AUX port at 0x60,0x64 irq 12
[    0.810786] mousedev: PS/2 mouse device common for all mice
[    0.812085] input: AT Translated Set 2 keyboard as /devices/platform/i8042/serio0/input/input2
[    0.814374] rtc_cmos rtc_cmos: rtc core: registered rtc_cmos as rtc0
[    0.815525] rtc_cmos rtc_cmos: alarms up to one day, 114 bytes nvram
[    0.816639] i2c /dev entries driver
[    0.817410] device-mapper: uevent: version 1.0.3
[    0.818426] device-mapper: ioctl: 4.34.0-ioctl (2015-10-28) initialised: dm-devel@redhat.com
[    0.820160] ledtrig-cpu: registered to indicate activity on CPUs
[    0.821734] NET: Registered protocol family 10
[    0.822858] NET: Registered protocol family 17
[    0.823716] Key type dns_resolver registered
[    0.825135] registered taskstats version 1
[    0.825935] Loading compiled-in X.509 certificates
[    0.827749] Loaded X.509 cert 'Build time autogenerated kernel key: 7d89d4973e8e82529e7123890c54abbb198c4f27'
[    0.829651] zswap: loaded using pool lzo/zbud
[    0.831876] Key type trusted registered
[    0.835275] Key type encrypted registered
[    0.836116] AppArmor: AppArmor sha1 policy hashing enabled
[    0.837125] ima: No TPM chip found, activating TPM-bypass!
[    0.838170] ima: Allocated hash algorithm: sha1
[    0.839037] evm: HMAC attrs: 0x1
[    0.840013]   Magic number: 13:698:395
[    0.840981] pci 0000:00:07.0: hash matches
[    0.841989] rtc_cmos rtc_cmos: setting system clock to 2021-03-25 19:23:07 UTC (1616700187)
[    0.844337] BIOS EDD facility v0.16 2004-Jun-25, 0 devices found
[    0.845542] EDD information not available.
[    0.976819] Freeing unused kernel memory: 1496K
[    0.977768] Write protecting the kernel read-only data: 14336k
[    0.979078] Freeing unused kernel memory: 1588K
[    0.980222] Freeing unused kernel memory: 52K
Loading, please wait...
starting version 229
[    0.991419] random: systemd-udevd: uninitialized urandom read (16 bytes read, 3 bits of entropy available)
[    0.991883] random: udevadm: uninitialized urandom read (16 bytes read, 3 bits of entropy available)
[    0.991898] random: udevadm: uninitialized urandom read (16 bytes read, 3 bits of entropy available)
[    0.996889] random: systemd-udevd: uninitialized urandom read (16 bytes read, 3 bits of entropy available)
[    0.998768] random: systemd-udevd: uninitialized urandom read (16 bytes read, 3 bits of entropy available)
[    0.998949] random: udevadm: uninitialized urandom read (16 bytes read, 3 bits of entropy available)
[    0.998980] random: udevadm: uninitialized urandom read (16 bytes read, 3 bits of entropy available)
[    0.999095] random: udevadm: uninitialized urandom read (16 bytes read, 3 bits of entropy available)
[    0.999136] random: udevadm: uninitialized urandom read (16 bytes read, 3 bits of entropy available)
[    0.999216] random: udevadm: uninitialized urandom read (16 bytes read, 3 bits of entropy available)
[    1.032238] e1000: Intel(R) PRO/1000 Network Driver - version 7.3.21-k8-NAPI
[    1.033523] e1000: Copyright (c) 1999-2006 Intel Corporation.
[    1.034718] Fusion MPT base driver 3.04.20
[    1.035686] Copyright (c) 1999-2008 LSI Corporation
[    1.049765] Fusion MPT SPI Host driver 3.04.20
[    1.053102] AVX2 version of gcm_enc/dec engaged.
[    1.054115] AES CTR mode by8 optimization enabled
[    1.243608] input: ImExPS/2 Generic Explorer Mouse as /devices/platform/i8042/serio1/input/input4
[    1.393991] e1000 0000:00:03.0 eth0: (PCI:33MHz:32-bit) 02:96:8e:bc:5b:f3
[    1.395266] e1000 0000:00:03.0 eth0: Intel(R) PRO/1000 Network Connection
[    2.089288] e1000 0000:00:08.0 eth1: (PCI:33MHz:32-bit) 08:00:27:08:c1:58
[    2.090659] e1000 0000:00:08.0 eth1: Intel(R) PRO/1000 Network Connection
[    2.092958] mptbase: ioc0: Initiating bringup
[    2.094585] e1000 0000:00:08.0 enp0s8: renamed from eth1
[    2.105580] e1000 0000:00:03.0 enp0s3: renamed from eth0
[    2.158027] ioc0: LSI53C1030 A0: Capabilities={Initiator}
[    2.322967] scsi host2: ioc0: LSI53C1030 A0, FwRev=00000000h, Ports=1, MaxQ=256, IRQ=20
[    2.433971] scsi 2:0:0:0: Direct-Access     VBOX     HARDDISK         1.0  PQ: 0 ANSI: 5
[    2.435642] scsi target2:0:0: Beginning Domain Validation
[    2.437930] scsi target2:0:0: Domain Validation skipping write tests
[    2.439354] scsi target2:0:0: Ending Domain Validation
[    2.440510] scsi target2:0:0: asynchronous
[    2.442149] scsi 2:0:1:0: Direct-Access     VBOX     HARDDISK         1.0  PQ: 0 ANSI: 5
[    2.454358] scsi target2:0:1: Beginning Domain Validation
[    2.457227] scsi target2:0:1: Domain Validation skipping write tests
[    2.458544] scsi target2:0:1: Ending Domain Validation
[    2.459772] scsi target2:0:1: asynchronous
[    2.465581] sd 2:0:0:0: Attached scsi generic sg0 type 0
[    2.466774] sd 2:0:0:0: [sda] 83886080 512-byte logical blocks: (42.9 GB/40.0 GiB)
[    2.476232] sd 2:0:1:0: Attached scsi generic sg1 type 0
[    2.477551] sd 2:0:1:0: [sdb] 20480 512-byte logical blocks: (10.5 MB/10.0 MiB)
[    2.477747] sd 2:0:0:0: [sda] Write Protect is off
[    2.477967] sd 2:0:0:0: [sda] Incomplete mode parameter data
[    2.477969] sd 2:0:0:0: [sda] Assuming drive cache: write through
[    2.483052] sd 2:0:1:0: [sdb] Write Protect is off
[    2.484405] sd 2:0:1:0: [sdb] Incomplete mode parameter data
[    2.485691] sd 2:0:1:0: [sdb] Assuming drive cache: write through
[    2.598404]  sda: sda1
[    2.600390] sd 2:0:0:0: [sda] Attached SCSI disk
[    2.602269] sd 2:0:1:0: [sdb] Attached SCSI disk
Begin: Loading essential drivers ... [    3.977054] md: linear personality registered for level -1
[    3.979907] md: multipath personality registered for level -4
[    3.982784] md: raid0 personality registered for level 0
[    3.986514] md: raid1 personality registered for level 1
[    4.057029] raid6: sse2x1   gen() 13548 MB/s
[    4.125076] raid6: sse2x1   xor() 10635 MB/s
[    4.193046] raid6: sse2x2   gen() 17725 MB/s
[    4.261177] raid6: sse2x2   xor() 12564 MB/s
[    4.329459] raid6: sse2x4   gen() 20629 MB/s
[    4.397795] raid6: sse2x4   xor() 13387 MB/s
[    4.465763] raid6: avx2x1   gen() 29316 MB/s
[    4.533128] raid6: avx2x2   gen() 33326 MB/s
[    4.601477] raid6: avx2x4   gen() 37066 MB/s
[    4.602480] raid6: using algorithm avx2x4 gen() 37066 MB/s
[    4.603549] raid6: using avx2x2 recovery algorithm
[    4.605314] xor: automatically using best checksumming function:
[    4.645038]    avx       : 34041.000 MB/sec
[    4.647140] async_tx: api initialized (async)
[    4.654721] md: raid6 personality registered for level 6
[    4.656212] md: raid5 personality registered for level 5
[    4.657308] md: raid4 personality registered for level 4
[    4.663333] md: raid10 personality registered for level 10
done.
Begin: Running /scripts/init-premount ... done.
Begin: Mounting root file system ... Begin: Running /scripts/local-top ... done.
Begin: Running /scripts/local-premount ... [    4.687906] Btrfs loaded
Scanning for Btrfs filesystems
done.
Warning: fsck not present, so skipping root file system
[    4.735668] EXT4-fs (sda1): mounted filesystem with ordered data mode. Opts: (null)
done.
Begin: Running /scripts/local-bottom ... done.
Begin: Running /scripts/init-bottom ... done.
[    4.941897] systemd[1]: systemd 229 running in system mode. (+PAM +AUDIT +SELINUX +IMA +APPARMOR +SMACK +SYSVINIT +UTMP +LIBCRYPTSETUP +GCRYPT +GNUTLS +ACL +XZ -LZ4 +SECCOMP +BLKID +ELFUTILS +KMOD -IDN)
[    4.945266] systemd[1]: Detected virtualization oracle.
[    4.946369] systemd[1]: Detected architecture x86-64.

Welcome to [1mUbuntu 16.04.7 LTS[0m!

[    4.966993] systemd[1]: Set hostname to <ubuntu>.
[    4.978047] systemd[1]: Initializing machine ID from random generator.
[    4.979297] systemd[1]: Installed transient /etc/machine-id file.
[    5.290229] systemd[1]: Started Forward Password Requests to Wall Directory Watch.
[[0;32m  OK  [0m] Started Forward Password Requests to Wall Directory Watch.
[    5.297452] systemd[1]: Listening on /dev/initctl Compatibility Named Pipe.
[[0;32m  OK  [0m] Listening on /dev/initctl Compatibility Named Pipe.
[    5.299603] systemd[1]: Listening on Syslog Socket.
[[0;32m  OK  [0m] Listening on Syslog Socket.
[    5.301296] systemd[1]: Listening on Device-mapper event daemon FIFOs.
[[0;32m  OK  [0m] Listening on Device-mapper event daemon FIFOs.
[    5.303326] systemd[1]: Listening on Journal Socket.
[[0;32m  OK  [0m] Listening on Journal Socket.
[    5.305010] systemd[1]: Reached target System Time Synchronized.
[[0;32m  OK  [0m] Reached target System Time Synchronized.
[    5.321097] systemd[1]: Created slice System Slice.
[[0;32m  OK  [0m] Created slice System Slice.
[    5.333482] systemd[1]: Mounting Debug File System...
         Mounting Debug File System...
[    5.341468] systemd[1]: Created slice system-serial\x2dgetty.slice.
[[0;32m  OK  [0m] Created slice system-serial\x2dgetty.slice.
[    5.349191] systemd[1]: Listening on udev Kernel Socket.
[[0;32m  OK  [0m] Listening on udev Kernel Socket.
[    5.369561] systemd[1]: Starting Nameserver information manager...
         Starting Nameserver information manager...
[    5.378774] systemd[1]: Mounting POSIX Message Queue File System...
         Mounting POSIX Message Queue File System...
[    5.385686] systemd[1]: Starting Uncomplicated firewall...
         Starting Uncomplicated firewall...
[    5.393178] systemd[1]: Listening on Journal Socket (/dev/log).
[[0;32m  OK  [0m] Listening on Journal Socket (/dev/log).
[    5.402310] systemd[1]: Starting Create list of required static device nodes for the current kernel...
         Starting Create list of required st... nodes for the current kernel...
[    5.409687] systemd[1]: Started Trigger resolvconf update for networkd DNS.
[[0;32m  OK  [0m] Started Trigger resolvconf update for networkd DNS.
[    5.411688] systemd[1]: Listening on fsck to fsckd communication Socket.
[[0;32m  OK  [0m] Listening on fsck to fsckd communication Socket.
[    5.429997] systemd[1]: Starting File System Check on Root Device...
         Starting File System Check on Root Device...
[    5.437752] systemd[1]: Listening on Journal Audit Socket.
[[0;32m  OK  [0m] Listening on Journal Audit Socket.
[    5.445563] systemd[1]: Created slice User and Session Slice.
[[0;32m  OK  [0m] Created slice User and Session Slice.
[    5.453361] systemd[1]: Reached target Slices.
[[0;32m  OK  [0m] Reached target Slices.
[    5.465164] systemd[1]: Starting Set console keymap...
         Starting Set con[    5.466625] random: nonblocking pool is initialized
sole keymap...
[    5.473214] systemd[1]: Listening on LVM2 poll daemon socket.
[[0;32m  OK  [0m] Listening on LVM2 poll daemon socket.
[    5.475225] systemd[1]: Set up automount Arbitrary Executable File Formats File System Automount Point.
[[0;32m  OK  [0m] Set up automount Arbitrary Executab...ats File System Automount Point.
[    5.487238] systemd[1]: Starting Journal Service...
         Starting Journal Service...
[    5.493295] systemd[1]: Reached target User and Group Name Lookups.
[[0;32m  OK  [0m] Reached target User and Group Name Lookups.
[    5.501237] systemd[1]: Listening on LVM2 metadata daemon socket.
[[0;32m  OK  [0m] Listening on LVM2 metadata daemon socket.
[    5.503539] systemd[1]: Starting Monitoring of LVM2 mirrors, snapshots etc. using dmeventd or progress polling...
         Starting Monitoring of LVM2 mirrors... dmeventd or progress polling...
[    5.518167] systemd[1]: Starting Load Kernel Modules...
         Starting Load Kernel Modules...
[    5.525219] systemd[1]: Reached target Swap.
[[0;32m  OK  [0m] Reached target Swap.
[    5.533709] systemd[1]: Mounting Huge Pages File System...
         Mounting Huge Pages File System...
[    5.535804] systemd[1]: Reached target Encrypted Volumes.
[    5.537224] Loading iSCSI transport class v2.0-870.
[[0;32m  OK  [0m] Reached target Encrypted Volumes.
[    5.538818] systemd[1]: Listening on udev Control Socket.
[[0;32m  OK  [0m] Listening on udev Control Socket.
[    5.542147] systemd[1]: Mounted Huge Pages File System.
[[0;32m  OK  [0m] Mounted Huge Pages File System.
[    5.545466] iscsi: registered transport (tcp)
[    5.549134] systemd[1]: Mounted POSIX Message Queue File System.
[[0;32m  OK  [0m] Mounted POSIX Message Queue File System.
[    5.557254] systemd[1]: Mounted Debug File System.
[[0;32m  OK  [0m] Mounted Debug File System.
[    5.565356] systemd[1]: Started Journal Service.
[[0;32m  OK  [0m] Started Journal Service.
[    5.568596] iscsi: registered transport (iser)
[[0;32m  OK  [0m] Started Uncomplicated firewall.
[[0;32m  OK  [0m] Started Create list of required sta...ce nodes for the current kernel.
[[0;32m  OK  [0m] Started File System Check on Root Device.
[[0;32m  OK  [0m] Started Set console keymap.
[[0;32m  OK  [0m] Started Load Kernel Modules.
[[0;32m  OK  [0m] Started Nameserver information manager.
[[0;32m  OK  [0m] Started LVM2 metadata daemon.
[[0;32m  OK  [0m] Started File System Check Daemon to report status.
         Starting Apply Kernel Variables...
         Mounting FUSE Control File System...
         Starting Remount Root and Kernel File Systems...
         Starting Create Static Device Nodes in /dev...
[[0;32m  OK  [0m] Mounted FUSE Control File System.
[[0;32m  OK  [0m] Started Apply Kernel Variables.
[[0;32m  OK  [0m] Started Remount Root and Kernel File Systems.
[[0;32m  OK  [0m] Started Create Static Device Nodes in /dev.
         Starting udev Kernel Device Manager...
         Starting Flush Journal to Persistent Storage...
         Starting Load/Save Random Seed...
         Starting udev Coldplug all Devices...
[[0;32m  OK  [0m] Started Load/Save Random Seed.
[[0;32m  OK  [0m] Started Flush Journal to Persistent Storage.
[[0;32m  OK  [0m] Started udev Kernel Device Manager.
[[0;32m  OK  [0m] Started udev Coldplug all Devices.
[[0;32m  OK  [0m] Started Dispatch Password Requests to Console Directory Watch.
[[0;32m  OK  [0m] Started Monitoring of LVM2 mirrors,...ng dmeventd or progress polling.
[[0;32m  OK  [0m] Reached target Local File Systems (Pre).
[[0;32m  OK  [0m] Reached target Local File Systems.
         Starting Tell Plymouth To Write Out Runtime Data...
         Starting Initial cloud-init job (pre-networking)...
         Starting Commit a transient machine-id on disk...
         Starting LSB: AppArmor initialization...
         Starting Set console font and keymap...
         Starting Create Volatile Files and Directories...
[[0;32m  OK  [0m] Started Tell Plymouth To Write Out Runtime Data.
[[0;32m  OK  [0m] Found device /dev/ttyS0.
[[0;32m  OK  [0m] Started Create Volatile Files and Directories.
[[0;32m  OK  [0m] Listening on Load/Save RF Kill Switch Status /dev/rfkill Watch.
         Starting Update UTMP about System Boot/Shutdown...
[[0;32m  OK  [0m] Started Commit a transient machine-id on disk.
[[0;32m  OK  [0m] Started Update UTMP about System Boot/Shutdown.
[[0;32m  OK  [0m] Started Set console font and keymap.
[[0;32m  OK  [0m] Created slice system-getty.slice.
[    7.068079] cloud-init[506]: Cloud-init v. 20.4.1-0ubuntu1~16.04.1 running 'init-local' at Thu, 25 Mar 2021 19:23:13 +0000. Up 6.61 seconds.
[[0;32m  OK  [0m] Started Initial cloud-init job (pre-networking).
[[0;32m  OK  [0m] Reached target Network (Pre).
[[0;32m  OK  [0m] Started LSB: AppArmor initialization.
         Starting Load AppArmor profiles managed internally by snapd...
         Starting Raise network interfaces...
[[0;32m  OK  [0m] Started Load AppArmor profiles managed internally by snapd.
[[0;32m  OK  [0m] Started Raise network interfaces.
[[0;32m  OK  [0m] Reached target Network.
         Starting Initial cloud-init job (metadata service crawler)...
[    8.892258] cloud-init[958]: Cloud-init v. 20.4.1-0ubuntu1~16.04.1 running 'init' at Thu, 25 Mar 2021 19:23:14 +0000. Up 8.07 seconds.
[    8.905041] cloud-init[958]: ci-info: ++++++++++++++++++++++++++++++++++++++Net device info+++++++++++++++++++++++++++++++++++++++
[    8.905960] cloud-init[958]: ci-info: +--------+-------+----------------------------+---------------+--------+-------------------+
[    8.912539] cloud-init[958]: ci-info: | Device |   Up  |          Address           |      Mask     | Scope  |     Hw-Address    |
[    8.920669] cloud-init[958]: ci-info: +--------+-------+----------------------------+---------------+--------+-------------------+
[    8.928793] cloud-init[958]: ci-info: | enp0s3 |  True |         10.0.2.15          | 255.255.255.0 | global | 02:96:8e:bc:5b:f3 |
[    8.937512] [cloud-init[0;32m  OK  [0m[958]: ] ci-info: | enp0s3 |  True | fe80::96:8eff:febc:5bf3/64 |       .       |  link  | 02:96:8e:bc:5b:f3 |Started Initial cloud-init job (metadata service crawler).

[[0;32m  OK  [0m] Reached target System Initialization.
         Starting Socket activation for snappy daemon.
[    8.937897] cloud-init[958]: ci-info: | enp0s8 | False |             .              |       .       |   .    | 08:00:27:08:c1:58 |
[    8.940703] [[0;32m  OK  [0m] Listening on ACPID Listen Socket.
[cloud-init[0;32m  OK  [0m[958]: ] ci-info: |   lo   |  True |         127.0.0.1          |   255.0.0.0   |  host  |         .         |Started Daily Cleanup of Temporary Directories.

[    8.941610] cloud-init[958]: ci-info: |   lo   |  True |          ::1/128           |       .       |  host  |         .         |
[    8.944095] cloud-init[958]: ci-info: +--------+-------+----------------------------+---------------+--------+-------------------+
[    8.945515] cloud-init[958]: ci-info: +++++++++++++++++++++++++++Route IPv4 info++++++++++++++++++++++++++++
[    8.953024] cloud-init[958]: ci-info: +-------+-------------+----------+---------------+-----------+-------+
[    8.953907] [cloud-init[0;32m  OK  [0m[958]: ] ci-info: | Route | Destination | Gateway  |    Genmask    | Interface | Flags |Started ACPI Events Check.

[[0;32m  OK  [0m] Reached target Paths.
[    8.954300] cloud-init[958]: ci-info: +-------+-------------+----------+---------------+-----------+-------+
[    8.973558] [cloud-init[0;32m  OK  [0m[958]: ] ci-info: |   0   |   0.0.0.0   | 10.0.2.2 |    0.0.0.0    |   enp0s3  |   UG  |Started Message of the Day.

[    8.973927] cloud-init[958]: ci-info: |   1   |   10.0.2.0  | 0.0.0.0  | 255.255.255.0 |   enp0s3  |   U   |
[    8.980383]          cloud-initStarting LXD - unix socket.[958]: 
ci-info: +-------+-------------+----------+---------------+-----------+-------+
[    8.989147] [cloud-init[0;32m  OK  [0m[958]: ] ci-info: +++++++++++++++++++Route IPv6 info+++++++++++++++++++Listening on D-Bus System Message Bus Socket.

[    8.996919] [[0;32m  OK  [0m] Started Daily apt download activities.
[[0;32m  OK  [0m] Started Daily apt upgrade and clean activities.
[[0;32m  OK  [0m] Reached target Timers.
[[0;32m  OK  [0m] Listening on UUID daemon activation socket.
[[0;32m  OK  [0m] Reached target Network is Online.
cloud-init[958]: ci-info: +-------+-------------+---------+-----------+-------+
[    9.000056] cloud-init[958]: ci-info: | Route | Destination | Gateway | Interface | Flags |
[    9.001041] cloud-init[958]: ci-info: +-------+-------------+---------+-----------+-------+
[    9.002178] cloud-init[958]: ci-info: |   0   |  fe80::/64  |    ::   |   enp0s3  |   U   |
[    9.008654]          Starting iSCSI initiator daemon (iscsid)...
[[0;32m  OK  [0m] Reached target Cloud-config availability.
[[0;32m  OK  [0m] Listening on Socket activation for snappy daemon.
[[0;32m  OK  [0m] Listening on LXD - unix socket.
[[0;32m  OK  [0m] Reached target Sockets.
[[0;32m  OK  [0m] Reached target Basic System.
cloud-init[958]: ci-info: |   3   |   ff00::/8  |    ::   |   enp0s3  |   U   |
[    9.012684] cloud-init[958]: ci-info: +-------+-------------+---------+-----------+-------+
[    9.013732] cloud-init[958]: Generating public/private rsa key pair.
[    9.020337] [[0;32m  OK  [0m] Started ACPI event daemon.
cloud-init[958]: Your identification has been saved in /etc/ssh/ssh_host_rsa_key.
[    9.021917] [[0;32m  OK  [0m] Started D-Bus System Message Bus.
cloud-init[958]: Your public key has been saved in /etc/ssh/ssh_host_rsa_key.pub.
[    9.023215] cloud-init[958]: The key fingerprint is:
[    9.024233] cloud-init[958]: SHA256:YsVkxDA1sEx4bX0vzVFefk15nFrUdvrIT8trRRxlgGA root@ubuntu-xenial
[    9.025382] cloud-init[958]: The key's randomart image is:
[    9.032772] cloud-init[958]: +---[RSA 2048]----+
[    9.040289] cloud-init[958]: |     .=B*.E. .o=@|
[    9.041011] cloud-init[958]: |    .o.*+o. o .XO|
[    9.041547] cloud-init[958]: |     .o.o  . +o=O|
[    9.048701] cloud-init[958]: |       .    ..= +|
[    9.056269] cloud-init[958]: |      o S    o + |
[    9.064323] cloud-init[958]: |     . .      o +|
[    9.076596] [cloud-init[0;32m  OK  [0m[958]: ] |              .oo|Started Regular background program processing daemon.

[    9.077053] cloud-init[958]: |               +.|
[    9.084283]          Starting LXD - container startup/shutdown...
cloud-init[958]: |              ...|
[    9.085563] cloud-init[958]: +----[SHA256]-----+
[    9.086698]          Starting Snap Daemon...
cloud-init[[0;32m  OK  [0m] Started Deferred execution scheduler.
         Starting Accounts Service...
         Starting /etc/rc.local Compatibility...
         Starting LSB: Record successful boot for GRUB...
[958]: Generating public/private dsa key pair.
[    9.090189] cloud-init[958]: Your identification has been saved in /etc/ssh/ssh_host_dsa_key.
[    9.091660] cloud-init[958]: Your public key has been saved in /etc/ssh/ssh_host_dsa_key.pub.
         Starting Pollinate to seed the pseudo random number generator...
         Starting System Logging Service...
[[0;32m  OK  [0m] Started FUSE filesystem for LXC.
         Starting Login Service...
         Starting LSB: MD monitoring daemon...
         Starting Virtualbox guest utils...
[    9.096551] cloud-init[958]: The key fingerprint is:
[    9.100890] cloud-init[958]: SHA256:4HxF/rhJJ1HqQV01CIDWS3yh+ANsxri5WuKholviJ2A root@ubuntu-xenial
[    9.102255] cloud-init[958]: The key's randomart image is:
[[0;32m  OK  [0m] Started /etc/rc.local Compatibility.
[    9.103805] cloud-init[958]: +---[DSA 1024]----+
[    9.106796] cloud-init[958]: |        +.+++.oo.|
[    9.107446] cloud-init[958]: |      +o.B.+..  .|
[    9.113169] cloud-init[958]: |     .oB..O      |
[    9.120173] cloud-init[958]: |     o=.o+ =     |
[    9.128406] cloud-init[958]: |     oo So= o    |
[    9.128944] cloud-init[958]: |.E    .. ..=     |
[    9.129712] cloud-init[958]: |+ .o o    o      |
[    9.140659] cloud-init[958]: |o+o.=            |
[    9.148854] cloud-init[958]: |=+oo             |
[    9.156727] cloud-init[958]: +----[SHA256]-----+
[    9.164505] cloud-init[958]: Generating public/private ecdsa key pair.
[    9.172355] cloud-init[958]: Your identification has been saved in /etc/ssh/ssh_host_ecdsa_key.
[    9.180183] cloud-init[958]: Your public key has been saved in /etc/ssh/ssh_host_ecdsa_key.pub.
[    9.188994] cloud-init[958]: The key fingerprint is:
[    9.196658] cloud-init[958]: SHA256:WxE2o/Lb6ZQRpSh37kQizoyYklrbGXeBrKf5iR730P0 root@ubuntu-xenial
[    9.206379] cloud-init[958]: The key's randomart image is:
[    9.207354] cloud-init[958]: +---[ECDSA 256]---+
[    9.208122] cloud-init[958]: |          = .    |
[    9.208985] cloud-init[958]: |     . . + *     |
[    9.209661] cloud-init[958]: |      * * *      |
[    9.210562] cloud-init[958]: | . o * * * o     |
[    9.211456] cloud-init[958]: |o + + * S =      |
[    9.212485] cloud-init[958]: |.o o B o O +     |
[    9.213338] cloud-init[958]: |. . * o + B      |
[    9.214303] cloud-init[958]: |     = + o .     |
[    9.221062] cloud-init[958]: |   .o o . . E    |
[    9.228886] cloud-init[958]: +----[SHA256]-----+
[    9.229447] cloud-init[958]: Generating public/private ed25519 key pair.
[    9.230079] cloud-init[958]: Your identification has been saved in /etc/ssh/ssh_host_ed25519_key.
[    9.230876] cloud-init[958]: Your public key has been saved in /etc/ssh/ssh_host_ed25519_key.pub.
[    9.232375] cloud-init[958]: The key fingerprint is:
[    9.240626] cloud-init[958]: SHA256:u1czF65GZlMN8CfFEWfaSE5D/My7xpQwYGEIl5Xd9MA root@ubuntu-xenial
[    9.243198] cloud-init[958]: The key's randomart image is:
[    9.243988] cloud-init[958]: +--[ED25519 256]--+
[    9.245005] cloud-init[958]: |       ...++==O=*|
[    9.256150] cloud-init[958]: |        .o.+ *EX+|
[[0;32m  OK  [0m] Started iSCSI initiator daemon (iscsid).
[    9.256535] cloud-init[958]: |          . . **+|
[    9.265593] cloud-init[958]: |             ooo=|
[    9.272786] cloud-init[958]: |        S    oo.o|
[    9.272980]          cloud-initStarting Login to default iSCSI targets...[958]: 
|         .  O o+ |
[    9.273017] cloud-init[958]: |        .  = *o .|
[    9.288582] cloud-init[958]: |         .. o  + |
[    9.289183] cloud-init[958]: |        .. .  .  |
[    9.289738] cloud-init[958]: +----[SHA256]-----+
[[0;32m  OK  [0m] Started LSB: Record successful boot for GRUB.
[[0;32m  OK  [0m] Started Login Service.
[[0;32m  OK  [0m] Started LSB: MD monitoring daemon.
[[0;32m  OK  [0m] Started Unattended Upgrades Shutdown.
[[0;32m  OK  [0m] Started Login to default iSCSI targets.
[[0;32m  OK  [0m] Reached target Remote File Systems (Pre).
[[0;32m  OK  [0m] Reached target Remote File Systems.
         Starting LSB: daemon to balance interrupts for SMP systems...
         Starting LSB: automatic crash report generation...
         Starting LSB: Set the CPU Frequency Scaling governor to "ondemand"...
         Starting Permit User Sessions...
[[0;32m  OK  [0m] Started System Logging Service.
[[0;32m  OK  [0m] Started Permit User Sessions.
         Starting Terminate Plymouth Boot Screen...
         Starting Hold until boot process finishes up...
[[0;32m  OK  [0m] Started LSB: Set the CPU Frequency Scaling governor to "ondemand".
[[0;32m  OK  [0m] Started Hold until boot process finishes up.
[[0;32m  OK  [0m] Started LSB: daemon to balance interrupts for SMP systems.
[[0;32m  OK  [0m] Started Terminate Plymouth Boot Screen.
[[0;32m  OK  [0m] Started Getty on tty1.
[[0;32m  OK  [0m] Started Serial Getty on ttyS0.
[[0;32m  OK  [0m] Reached target Login Prompts.
         Starting Set console scheme...
         Starting Authenticate and Authorize Users to Run Privileged Tasks...
[[0;32m  OK  [0m] Started Set console scheme.
[[0;32m  OK  [0m] Started LSB: automatic crash report generation.
[[0;32m  OK  [0m] Started Virtualbox guest utils.
[[0;32m  OK  [0m] Started Authenticate and Authorize Users to Run Privileged Tasks.
[[0;32m  OK  [0m] Started Accounts Service.
[[0;32m  OK  [0m] Started LXD - container startup/shutdown.
[[0;32m  OK  [0m] Started Snap Daemon.
         Starting Wait until snapd is fully seeded...
[[0;32m  OK  [0m] Started Pollinate to seed the pseudo random number generator.
         Starting OpenBSD Secure Shell server...
[[0;32m  OK  [0m] Started OpenBSD Secure Shell server.
[[0;32m  OK  [0m] Started Wait until snapd is fully seeded.
[[0;32m  OK  [0m] Reached target Multi-User System.
[[0;32m  OK  [0m] Reached target Graphical Interface.
         Starting Update UTMP about System Runlevel Changes...
         Starting Apply the settings specified in cloud-config...
[[0;32m  OK  [0m] Started Update UTMP about System Runlevel Changes.
[   11.842503] cloud-init[1303]: Generating locales (this might take a while)...
[[0;32m  OK  [0m] Created slice User Slice of vagrant.
         Starting User Manager for UID 1000...
[[0;32m  OK  [0m] Started Session 1 of user vagrant.
[[0;32m  OK  [0m] Started User Manager for UID 1000.
[   12.705193] cloud-init[1303]:   en_US.UTF-8... done
[   12.712349] cloud-init[1303]: Generation complete.
[   13.166734] cloud-init[1303]: Cloud-init v. 20.4.1-0ubuntu1~16.04.1 running 'modules:config' at Thu, 25 Mar 2021 19:23:18 +0000. Up 11.72 seconds.
[[0;32m  OK  [0m] Started Apply the settings specified in cloud-config.
         Starting Execute cloud user/final scripts...
ci-info: no authorized SSH keys fingerprints found for user ubuntu.
<14>Mar 25 19:23:21 ec2: 
<14>Mar 25 19:23:21 ec2: #############################################################
<14>Mar 25 19:23:21 ec2: -----BEGIN SSH HOST KEY FINGERPRINTS-----
<14>Mar 25 19:23:21 ec2: 1024 SHA256:4HxF/rhJJ1HqQV01CIDWS3yh+ANsxri5WuKholviJ2A root@ubuntu-xenial (DSA)
<14>Mar 25 19:23:21 ec2: 256 SHA256:WxE2o/Lb6ZQRpSh37kQizoyYklrbGXeBrKf5iR730P0 root@ubuntu-xenial (ECDSA)
<14>Mar 25 19:23:21 ec2: 256 SHA256:u1czF65GZlMN8CfFEWfaSE5D/My7xpQwYGEIl5Xd9MA root@ubuntu-xenial (ED25519)
<14>Mar 25 19:23:21 ec2: 2048 SHA256:YsVkxDA1sEx4bX0vzVFefk15nFrUdvrIT8trRRxlgGA root@ubuntu-xenial (RSA)
<14>Mar 25 19:23:21 ec2: -----END SSH HOST KEY FINGERPRINTS-----
<14>Mar 25 19:23:21 ec2: #############################################################
-----BEGIN SSH HOST KEY KEYS-----
ecdsa-sha2-nistp256 AAAAE2VjZHNhLXNoYTItbmlzdHAyNTYAAAAIbmlzdHAyNTYAAABBBHjMbfXs/xxY/SSg8mxdRZW0x105MTtPsVll1CQY3njgixbSlCAO39fmRwA4z155nmQnddrB7/w6XHAx1pTCaJc= root@ubuntu-xenial
ssh-ed25519 AAAAC3NzaC1lZDI1NTE5AAAAIDrugsnHbFqH4Bx0CVE3d/wnT5WWd1w5ny5my/Rxo030 root@ubuntu-xenial
ssh-rsa AAAAB3NzaC1yc2EAAAADAQABAAABAQCvQ1RQ3Tj725rjASAlwvh7NsoFXCUt0RCUDxEl44s6DWzeiRt7bfx4+cu188GZPbgmS5xf0KSseWA3LQ3g2ObMRH4KK1Gxl3T86hglTZyPLlGR21Lx2bQqQvd03fqSvhVQI7aUEXx/75J5dvrIzzuwmE97i3edjKHKsDP4M/ZR5YA94kalvDrwdMWWD5II9web6bueTnrgg8lmWBM6pIHuUKB/bf8sgSM/ewds8nAmvZE1a/vu1gj6jET4khlPaUHyJ9ubP2u24wKMufeOfXFG9EnjNY0EmdB1xL+801DeUhbLBzM0NllmqqTEDkv0oBbkLl49BFde+3/evGKdj7xp root@ubuntu-xenial
-----END SSH HOST KEY KEYS-----
[   14.415139] cloud-init[1410]: Cloud-init v. 20.4.1-0ubuntu1~16.04.1 running 'modules:final' at Thu, 25 Mar 2021 19:23:20 +0000. Up 13.49 seconds.
[   14.424483] cloud-init[1410]: ci-info: no authorized SSH keys fingerprints found for user ubuntu.
[   14.432404] cloud-init[1410]: Cloud-init v. 20.4.1-0ubuntu1~16.04.1 finished at Thu, 25 Mar 2021 19:23:21 +0000. Datasource DataSourceNoCloud [seed=/dev/sdb][dsmode=net].  Up 14.40 seconds
[[0;32m  OK  [0m] Started Execute cloud user/final scripts.
[[0;32m  OK  [0m] Reached target Cloud-init target.

Ubuntu 16.04.7 LTS ubuntu-xenial ttyS0

ubuntu-xenial login: 